<?xml version="1.0" encoding="utf-8"?><testsuites><testsuite name="pytest" errors="0" failures="0" skipped="0" tests="3" time="0.634" timestamp="2024-04-05T01:18:09.258583" hostname="c9ad09ff0a8f"><testcase classname="tests.test_prediction" name="test_single_pred_not_none" time="0.011" /><testcase classname="tests.test_prediction" name="test_single_pred_str_type" time="0.011" /><testcase classname="tests.test_prediction" name="test_single_pred_validate" time="0.014" /></testsuite></testsuites>