<?xml version="1.0" encoding="utf-8"?><testsuites><testsuite name="pytest" errors="0" failures="0" skipped="0" tests="3" time="0.726" timestamp="2024-04-05T22:37:39.654681" hostname="538c7c0f9696"><testcase classname="tests.test_prediction" name="test_single_pred_not_none" time="0.012" /><testcase classname="tests.test_prediction" name="test_single_pred_str_type" time="0.014" /><testcase classname="tests.test_prediction" name="test_single_pred_validate" time="0.011" /></testsuite></testsuites>